<?xml version="1.0" encoding="UTF-8"?>
<!-- Generated by org.testng.reporters.JUnitReportReporter -->
<testsuite hostname="Vedant" failures="0" tests="4" name="testlayer.LoginTest" time="40.851" errors="0" timestamp="2023-09-11T20:12:25 EDT" skipped="0">
  <testcase classname="testlayer.LoginTest" name="Login" time="9.971"/>
  <system-out/>
  <testcase classname="testlayer.LoginTest" name="Login" time="9.275"/>
  <system-out/>
  <testcase classname="testlayer.LoginTest" name="Login" time="9.447"/>
  <system-out/>
  <testcase classname="testlayer.LoginTest" name="Login" time="12.158"/>
  <system-out/>
</testsuite> <!-- testlayer.LoginTest -->
